<?xml version="1.0" encoding="UTF-8"?>
<testng-results ignored="0" total="1" passed="1" failed="0" skipped="0">
  <reporter-output>
  </reporter-output>
  <suite started-at="2024-08-05T01:04:29 IST" name="Default suite" finished-at="2024-08-05T01:05:23 IST" duration-ms="53939">
    <groups>
    </groups>
    <test started-at="2024-08-05T01:04:29 IST" name="Default test" finished-at="2024-08-05T01:05:23 IST" duration-ms="53939">
      <class name="org.Luma.Freamwork.testcases.TC_001_validateLoginFunctionality">
        <test-method is-config="true" signature="initiateDriverInstance()[pri:0, instance:org.Luma.Freamwork.testcases.TC_001_validateLoginFunctionality@28701274]" started-at="2024-08-05T01:04:29 IST" name="initiateDriverInstance" finished-at="2024-08-05T01:04:44 IST" duration-ms="14622" status="PASS">
          <reporter-output>
          </reporter-output>
        </test-method> <!-- initiateDriverInstance -->
        <test-method signature="TC_001_login_functionality(java.util.HashMap)[pri:0, instance:org.Luma.Freamwork.testcases.TC_001_validateLoginFunctionality@28701274]" started-at="2024-08-05T01:04:44 IST" name="TC_001_login_functionality" data-provider="Logindata" finished-at="2024-08-05T01:05:22 IST" duration-ms="38798" status="PASS">
          <params>
            <param index="0">
              <value>
                <![CDATA[{fname=Saahym, address=Flat 207, createpass=Saahymsingh1234, uname=saahymsingh@gmail.com, pass=Saahymsingh1234, address2=Danapur, address1=Balajinagar, cityname=Patna, cname=Hbox, phonenumber=5625422130, zipcode=801509, lname=Singh, createconfirmpass=Saahymsingh1234, email=saahymsingh@gmail.com}]]>
              </value>
            </param>
          </params>
          <reporter-output>
          </reporter-output>
        </test-method> <!-- TC_001_login_functionality -->
      </class> <!-- org.Luma.Freamwork.testcases.TC_001_validateLoginFunctionality -->
    </test> <!-- Default test -->
  </suite> <!-- Default suite -->
</testng-results>
